C51 COMPILER V9.54   LCD1602                                                               12/02/2021 15:12:05 PAGE 1   


C51 COMPILER V9.54, COMPILATION OF MODULE LCD1602
OBJECT MODULE PLACED IN .\Objects\LCD1602.obj
COMPILER INVOKED BY: D:\Keil_v5\C51\BIN\C51.EXE LCD1602.c OPTIMIZE(8,SPEED) BROWSE DEBUG OBJECTEXTEND PRINT(.\Listings\L
                    -CD1602.lst) TABS(2) OBJECT(.\Objects\LCD1602.obj)

line level    source

   1          #include <REGX52.H>
   2          
   3          //引脚配置：
   4          sbit LCD_RS=P2^6;     //数据/指令选择，1为数据，0为指令
   5          sbit LCD_RW=P2^5;     //读写选择段，1为读，0为写
   6          sbit LCD_EN=P2^7;     //使能，1为数据有效，下降沿执行命令
   7          #define LCD_DataPort P0
   8          
   9          //延时函数
  10          void LCD_Delay()
  11          {
  12   1        unsigned char i, j;
  13   1      
  14   1        i = 2;
  15   1        j = 539;
  16   1        do
  17   1        {
  18   2          while (--j);
  19   2        } while (--i);
  20   1      }
  21          
  22          //LCD写命令
  23          void LCD_WriteCommand(unsigned char Command)
  24          {
  25   1        LCD_RS=0;   //选择命令
  26   1        LCD_RW=0;     
  27   1        LCD_DataPort=Command;
  28   1        LCD_EN=1;
  29   1        LCD_Delay();
  30   1        LCD_EN=0;
  31   1        LCD_Delay();
  32   1      }
  33          
  34          //LCD写数据
  35          void LCD_WriteData(unsigned char Data)
  36          {
  37   1        LCD_RS=1;   //选择数据
  38   1        LCD_RW=0;
  39   1        LCD_DataPort=Data;
  40   1        LCD_EN=1;
  41   1        LCD_Delay();
  42   1        LCD_EN=0;     
  43   1        LCD_Delay();
  44   1      }
  45          
  46          // LCD1602设置光标位置
  47          
  48          void LCD_SetCursor(unsigned char Line,unsigned char Column)
  49          {
  50   1        if(Line==1)
  51   1        {
  52   2          LCD_WriteCommand(0x80|(Column-1)); //设置光标位置，最高位为1时指令为设置地址
  53   2        }
  54   1        else if(Line==2)
C51 COMPILER V9.54   LCD1602                                                               12/02/2021 15:12:05 PAGE 2   

  55   1        {
  56   2          LCD_WriteCommand(0x80|(Column-1+0x40));//第二行地址是从0x40开始的
  57   2        }
  58   1      }
  59          
  60          //LCD1602初始化函数
  61           
  62          void LCD_Init()
  63          {
  64   1        LCD_WriteCommand(0x38);//八位数据接口，两行显示，5*7点阵
  65   1        LCD_WriteCommand(0x0c);//显示开，光标关，闪烁关
  66   1        LCD_WriteCommand(0x06);//数据读写操作后，光标自动加一，画面不动
  67   1        LCD_WriteCommand(0x01);//光标复位，清屏
  68   1      }
  69          
  70          //在LCD1602指定位置上显示一个字符
  71          void LCD_ShowChar(unsigned char Line,unsigned char Column,char Char)
  72          {
  73   1        LCD_SetCursor(Line,Column);
  74   1        LCD_WriteData(Char);
  75   1      }
  76          
  77          //在LCD1602指定位置开始显示所给字符串
  78          
  79          void LCD_ShowString(unsigned char Line,unsigned char Column,char *String)
  80          {
  81   1        unsigned char i;
  82   1        LCD_SetCursor(Line,Column);
  83   1        for(i=0;String[i]!='\0';i++)
  84   1        {
  85   2          LCD_WriteData(String[i]);
  86   2        }
  87   1      }
  88          
  89          //  返回值=X的Y次方
  90          int LCD_Pow(int X,int Y)
  91          {
  92   1        unsigned char i;
  93   1        int Result=1;
  94   1        for(i=0;i<Y;i++)
  95   1        {
  96   2          Result*=X;
  97   2        }
  98   1        return Result;
  99   1      }
 100          
 101          //  在LCD1602指定位置开始显示所给数字
 102          void LCD_ShowNum(unsigned char Line,unsigned char Column,unsigned int Number,unsigned char Length)
 103          {
 104   1        unsigned char i;
 105   1        LCD_SetCursor(Line,Column);
 106   1        for(i=Length;i>0;i--)
 107   1        {
 108   2          LCD_WriteData(Number/LCD_Pow(10,i-1)%10+'0');
 109   2        }
 110   1      }
 111          
 112          
 113          


MODULE INFORMATION:   STATIC OVERLAYABLE
C51 COMPILER V9.54   LCD1602                                                               12/02/2021 15:12:05 PAGE 3   

   CODE SIZE        =    222    ----
   CONSTANT SIZE    =   ----    ----
   XDATA SIZE       =   ----    ----
   PDATA SIZE       =   ----    ----
   DATA SIZE        =   ----      12
   IDATA SIZE       =   ----    ----
   BIT SIZE         =   ----    ----
END OF MODULE INFORMATION.


C51 COMPILATION COMPLETE.  0 WARNING(S),  0 ERROR(S)
