C51 COMPILER V9.54   LCD1602                                                               11/30/2021 22:54:26 PAGE 1   


C51 COMPILER V9.54, COMPILATION OF MODULE LCD1602
OBJECT MODULE PLACED IN .\Objects\LCD1602.obj
COMPILER INVOKED BY: D:\Keil_v5\C51\BIN\C51.EXE LCD1602.c OPTIMIZE(8,SPEED) BROWSE DEBUG OBJECTEXTEND PRINT(.\Listings\L
                    -CD1602.lst) TABS(2) OBJECT(.\Objects\LCD1602.obj)

line level    source

   1          #include <REGX52.H>
   2          
   3          //引脚配置：
   4          sbit LCD_RS=P2^6;
   5          sbit LCD_RW=P2^5;
   6          sbit LCD_EN=P2^7;
   7          #define LCD_DataPort P0
   8          
   9          //函数定义：
  10          /**
  11            * @brief  LCD1602延时函数，12MHz调用可延时1ms
  12            * @param  无
  13            * @retval 无
  14            */
  15          void LCD_Delay()
  16          {
  17   1        unsigned char i, j;
  18   1      
  19   1        i = 2;
  20   1        j = 239;
  21   1        do
  22   1        {
  23   2          while (--j);
  24   2        } while (--i);
  25   1      }
  26          
  27          /**
  28            * @brief  LCD1602写命令
  29            * @param  Command 要写入的命令
  30            * @retval 无
  31            */
  32          void LCD_WriteCommand(unsigned char Command)
  33          {
  34   1        LCD_RS=0;
  35   1        LCD_RW=0;
  36   1        LCD_DataPort=Command;
  37   1        LCD_EN=1;
  38   1        LCD_Delay();
  39   1        LCD_EN=0;
  40   1        LCD_Delay();
  41   1      }
  42          
  43          /**
  44            * @brief  LCD1602写数据
  45            * @param  Data 要写入的数据
  46            * @retval 无
  47            */
  48          void LCD_WriteData(unsigned char Data)
  49          {
  50   1        LCD_RS=1;
  51   1        LCD_RW=0;
  52   1        LCD_DataPort=Data;
  53   1        LCD_EN=1;
  54   1        LCD_Delay();
C51 COMPILER V9.54   LCD1602                                                               11/30/2021 22:54:26 PAGE 2   

  55   1        LCD_EN=0;
  56   1        LCD_Delay();
  57   1      }
  58          
  59          /**
  60            * @brief  LCD1602设置光标位置
  61            * @param  Line 行位置，范围：1~2
  62            * @param  Column 列位置，范围：1~16
  63            * @retval 无
  64            */
  65          void LCD_SetCursor(unsigned char Line,unsigned char Column)
  66          {
  67   1        if(Line==1)
  68   1        {
  69   2          LCD_WriteCommand(0x80|(Column-1));
  70   2        }
  71   1        else if(Line==2)
  72   1        {
  73   2          LCD_WriteCommand(0x80|(Column-1+0x40));
  74   2        }
  75   1      }
  76          
  77          /**
  78            * @brief  LCD1602初始化函数
  79            * @param  无
  80            * @retval 无
  81            */
  82          void LCD_Init()
  83          {
  84   1        LCD_WriteCommand(0x38);//八位数据接口，两行显示，5*7点阵
  85   1        LCD_WriteCommand(0x0c);//显示开，光标关，闪烁关
  86   1        LCD_WriteCommand(0x06);//数据读写操作后，光标自动加一，画面不动
  87   1        LCD_WriteCommand(0x01);//光标复位，清屏
  88   1        P1_0 = 0;
  89   1        TMOD = 0x02;  
  90   1        TH0 = 256 - 80;
  91   1        TL0 = 256 - 100;
  92   1        EA= ET0 = 1;     
  93   1        TR0=1;
  94   1      }
  95          
  96          /**
  97            * @brief  在LCD1602指定位置上显示一个字符
  98            * @param  Line 行位置，范围：1~2
  99            * @param  Column 列位置，范围：1~16
 100            * @param  Char 要显示的字符
 101            * @retval 无
 102            */
 103          void LCD_ShowChar(unsigned char Line,unsigned char Column,char Char)
 104          {
 105   1        LCD_SetCursor(Line,Column);
 106   1        LCD_WriteData(Char);
 107   1      }
 108          
 109          /**
 110            * @brief  在LCD1602指定位置开始显示所给字符串
 111            * @param  Line 起始行位置，范围：1~2
 112            * @param  Column 起始列位置，范围：1~16
 113            * @param  String 要显示的字符串
 114            * @retval 无
 115            */
 116          void LCD_ShowString(unsigned char Line,unsigned char Column,char *String)
C51 COMPILER V9.54   LCD1602                                                               11/30/2021 22:54:26 PAGE 3   

 117          {
 118   1        unsigned char i;
 119   1        LCD_SetCursor(Line,Column);
 120   1        for(i=0;String[i]!='\0';i++)
 121   1        {
 122   2          LCD_WriteData(String[i]);
 123   2        }
 124   1      }
 125          
 126          /**
 127            * @brief  返回值=X的Y次方
 128            */
 129          int LCD_Pow(int X,int Y)
 130          {
 131   1        unsigned char i;
 132   1        int Result=1;
 133   1        for(i=0;i<Y;i++)
 134   1        {
 135   2          Result*=X;
 136   2        }
 137   1        return Result;
 138   1      }
 139          
 140          /**
 141            * @brief  在LCD1602指定位置开始显示所给数字
 142            * @param  Line 起始行位置，范围：1~2
 143            * @param  Column 起始列位置，范围：1~16
 144            * @param  Number 要显示的数字，范围：0~65535
 145            * @param  Length 要显示数字的长度，范围：1~5
 146            * @retval 无
 147            */
 148          void LCD_ShowNum(unsigned char Line,unsigned char Column,unsigned int Number,unsigned char Length)
 149          {
 150   1        unsigned char i;
 151   1        LCD_SetCursor(Line,Column);
 152   1        for(i=Length;i>0;i--)
 153   1        {
 154   2          LCD_WriteData(Number/LCD_Pow(10,i-1)%10+'0');
 155   2        }
 156   1      }
 157          
 158          /**
 159            * @brief  在LCD1602指定位置开始以有符号十进制显示所给数字
 160            * @param  Line 起始行位置，范围：1~2
 161            * @param  Column 起始列位置，范围：1~16
 162            * @param  Number 要显示的数字，范围：-32768~32767
 163            * @param  Length 要显示数字的长度，范围：1~5
 164            * @retval 无
 165            */
 166          void LCD_ShowSignedNum(unsigned char Line,unsigned char Column,int Number,unsigned char Length)
 167          {
 168   1        unsigned char i;
 169   1        unsigned int Number1;
 170   1        LCD_SetCursor(Line,Column);
 171   1        if(Number>=0)
 172   1        {
 173   2          LCD_WriteData('+');
 174   2          Number1=Number;
 175   2        }
 176   1        else
 177   1        {
 178   2          LCD_WriteData('-');
C51 COMPILER V9.54   LCD1602                                                               11/30/2021 22:54:26 PAGE 4   

 179   2          Number1=-Number;
 180   2        }
 181   1        for(i=Length;i>0;i--)
 182   1        {
 183   2          LCD_WriteData(Number1/LCD_Pow(10,i-1)%10+'0');
 184   2        }
 185   1      }
 186          
 187          /**
 188            * @brief  在LCD1602指定位置开始以十六进制显示所给数字
 189            * @param  Line 起始行位置，范围：1~2
 190            * @param  Column 起始列位置，范围：1~16
 191            * @param  Number 要显示的数字，范围：0~0xFFFF
 192            * @param  Length 要显示数字的长度，范围：1~4
 193            * @retval 无
 194            */
 195          void LCD_ShowHexNum(unsigned char Line,unsigned char Column,unsigned int Number,unsigned char Length)
 196          {
 197   1        unsigned char i,SingleNumber;
 198   1        LCD_SetCursor(Line,Column);
 199   1        for(i=Length;i>0;i--)
 200   1        {
 201   2          SingleNumber=Number/LCD_Pow(16,i-1)%16;
 202   2          if(SingleNumber<10)
 203   2          {
 204   3            LCD_WriteData(SingleNumber+'0');
 205   3          }
 206   2          else
 207   2          {
 208   3            LCD_WriteData(SingleNumber-10+'A');
 209   3          }
 210   2        }
 211   1      }
 212          
 213          /**
 214            * @brief  在LCD1602指定位置开始以二进制显示所给数字
 215            * @param  Line 起始行位置，范围：1~2
 216            * @param  Column 起始列位置，范围：1~16
 217            * @param  Number 要显示的数字，范围：0~1111 1111 1111 1111
 218            * @param  Length 要显示数字的长度，范围：1~16
 219            * @retval 无
 220            */
 221          void LCD_ShowBinNum(unsigned char Line,unsigned char Column,unsigned int Number,unsigned char Length)
 222          {
 223   1        unsigned char i;
 224   1        LCD_SetCursor(Line,Column);
 225   1        for(i=Length;i>0;i--)
 226   1        {
 227   2          LCD_WriteData(Number/LCD_Pow(2,i-1)%2+'0');
 228   2        }
 229   1      }


MODULE INFORMATION:   STATIC OVERLAYABLE
   CODE SIZE        =    411    ----
   CONSTANT SIZE    =   ----    ----
   XDATA SIZE       =   ----    ----
   PDATA SIZE       =   ----    ----
   DATA SIZE        =   ----      29
   IDATA SIZE       =   ----    ----
   BIT SIZE         =   ----    ----
END OF MODULE INFORMATION.

C51 COMPILER V9.54   LCD1602                                                               11/30/2021 22:54:26 PAGE 5   


C51 COMPILATION COMPLETE.  0 WARNING(S),  0 ERROR(S)
