C51 COMPILER V9.54   MAIN                                                                  11/30/2021 17:49:04 PAGE 1   


C51 COMPILER V9.54, COMPILATION OF MODULE MAIN
OBJECT MODULE PLACED IN .\Objects\main.obj
COMPILER INVOKED BY: D:\Keil_v5\C51\BIN\C51.EXE main.c OPTIMIZE(8,SPEED) BROWSE DEBUG OBJECTEXTEND PRINT(.\Listings\main
                    -.lst) TABS(2) OBJECT(.\Objects\main.obj)

line level    source

   1          #include <REG52.H>
   2          #include "SoundPlay.h"
   3          
   4          void Delay1ms(unsigned int count)
   5          {
   6   1        unsigned int i,j;
   7   1        for(i=0;i<count;i++)
   8   1        for(j=0;j<120;j++);
   9   1      }
  10          
  11          //*****************************Music******************************************************
  12          unsigned char code Music_Girl[]={ 0x17,0x02, 0x17,0x03, 0x18,0x03, 0x19,0x02, 0x15,0x03,
  13                                            0x16,0x03, 0x17,0x03, 0x17,0x03, 0x17,0x03, 0x18,0x03,
  14                                            0x19,0x02, 0x16,0x03, 0x17,0x03, 0x18,0x02, 0x18,0x03,
  15                                            0x17,0x03, 0x15,0x02, 0x18,0x03, 0x17,0x03, 0x18,0x02,
  16                                            0x10,0x03, 0x15,0x03, 0x16,0x02, 0x15,0x03, 0x16,0x03,
  17                                            0x17,0x02, 0x17,0x03, 0x18,0x03, 0x19,0x02, 0x1A,0x03,
  18                                            0x1B,0x03, 0x1F,0x03, 0x1F,0x03, 0x17,0x03, 0x18,0x03,
  19                                            0x19,0x02, 0x16,0x03, 0x17,0x03, 0x18,0x03, 0x17,0x03,
  20                                            0x18,0x03, 0x1F,0x03, 0x1F,0x02, 0x16,0x03, 0x17,0x03,
  21                                            0x18,0x03, 0x17,0x03, 0x18,0x03, 0x20,0x03, 0x20,0x02,
  22                                            0x1F,0x03, 0x1B,0x03, 0x1F,0x66, 0x20,0x03, 0x21,0x03,
  23                                            0x20,0x03, 0x1F,0x03, 0x1B,0x03, 0x1F,0x66, 0x1F,0x03,
  24                                            0x1B,0x03, 0x19,0x03, 0x19,0x03, 0x15,0x03, 0x1A,0x66,
  25                                            0x1A,0x03, 0x19,0x03, 0x15,0x03, 0x15,0x03, 0x17,0x03,
  26                                            0x16,0x66, 0x17,0x04, 0x18,0x04, 0x18,0x03, 0x19,0x03,
  27                                            0x1F,0x03, 0x1B,0x03, 0x1F,0x66, 0x20,0x03, 0x21,0x03,
  28                                            0x20,0x03, 0x1F,0x03, 0x1B,0x03, 0x1F,0x66, 0x1F,0x03,
  29                                            0x1B,0x03, 0x19,0x03, 0x19,0x03, 0x15,0x03, 0x1A,0x66,
  30                                            0x1A,0x03, 0x19,0x03, 0x19,0x03, 0x1F,0x03, 0x1B,0x03,
  31                                            0x1F,0x00, 0x1A,0x03, 0x1A,0x03, 0x1A,0x03, 0x1B,0x03,
  32                                            0x1B,0x03, 0x1A,0x03, 0x19,0x03, 0x19,0x02, 0x17,0x03,
  33                                            0x15,0x17, 0x15,0x03, 0x16,0x03, 0x17,0x03, 0x18,0x03,
  34                                            0x17,0x04, 0x18,0x0E, 0x18,0x03, 0x17,0x04, 0x18,0x0E,
  35                                            0x18,0x66, 0x17,0x03, 0x18,0x03, 0x17,0x03, 0x18,0x03,
  36                                            0x20,0x03, 0x20,0x02, 0x1F,0x03, 0x1B,0x03, 0x1F,0x66,
  37                                            0x20,0x03, 0x21,0x03, 0x20,0x03, 0x1F,0x03, 0x1B,0x03,
  38                                            0x1F,0x66, 0x1F,0x04, 0x1B,0x0E, 0x1B,0x03, 0x19,0x03,
  39                                            0x19,0x03, 0x15,0x03, 0x1A,0x66, 0x1A,0x03, 0x19,0x03,
  40                                            0x15,0x03, 0x15,0x03, 0x17,0x03, 0x16,0x66, 0x17,0x04,
  41                                            0x18,0x04, 0x18,0x03, 0x19,0x03, 0x1F,0x03, 0x1B,0x03,
  42                                            0x1F,0x66, 0x20,0x03, 0x21,0x03, 0x20,0x03, 0x1F,0x03,
  43                                            0x1B,0x03, 0x1F,0x66, 0x1F,0x03, 0x1B,0x03, 0x19,0x03,
  44                                            0x19,0x03, 0x15,0x03, 0x1A,0x66, 0x1A,0x03, 0x19,0x03,
  45                                            0x19,0x03, 0x1F,0x03, 0x1B,0x03, 0x1F,0x00, 0x18,0x02,
  46                                            0x18,0x03, 0x1A,0x03, 0x19,0x0D, 0x15,0x03, 0x15,0x02,
  47                                            0x18,0x66, 0x16,0x02, 0x17,0x02, 0x15,0x00, 0x00,0x00};
  48          //????
  49          unsigned char code Music_Same[]={ 0x0F,0x01, 0x15,0x02, 0x16,0x02, 0x17,0x66, 0x18,0x03,
  50                                            0x17,0x02, 0x15,0x02, 0x16,0x01, 0x15,0x02, 0x10,0x02,
  51                                            0x15,0x00, 0x0F,0x01, 0x15,0x02, 0x16,0x02, 0x17,0x02,
  52                                            0x17,0x03, 0x18,0x03, 0x19,0x02, 0x15,0x02, 0x18,0x66,
  53                                            0x17,0x03, 0x19,0x02, 0x16,0x03, 0x17,0x03, 0x16,0x00,
  54                                            0x17,0x01, 0x19,0x02, 0x1B,0x02, 0x1B,0x70, 0x1A,0x03,
C51 COMPILER V9.54   MAIN                                                                  11/30/2021 17:49:04 PAGE 2   

  55                                            0x1A,0x01, 0x19,0x02, 0x19,0x03, 0x1A,0x03, 0x1B,0x02,
  56                                            0x1A,0x0D, 0x19,0x03, 0x17,0x00, 0x18,0x66, 0x18,0x03,
  57                                            0x19,0x02, 0x1A,0x02, 0x19,0x0C, 0x18,0x0D, 0x17,0x03,
  58                                            0x16,0x01, 0x11,0x02, 0x11,0x03, 0x10,0x03, 0x0F,0x0C,
  59                                            0x10,0x02, 0x15,0x00, 0x1F,0x01, 0x1A,0x01, 0x18,0x66,
  60                                            0x19,0x03, 0x1A,0x01, 0x1B,0x02, 0x1B,0x03, 0x1B,0x03,
  61                                            0x1B,0x0C, 0x1A,0x0D, 0x19,0x03, 0x17,0x00, 0x1F,0x01,
  62                                            0x1A,0x01, 0x18,0x66, 0x19,0x03, 0x1A,0x01, 0x10,0x02,
  63                                            0x10,0x03, 0x10,0x03, 0x1A,0x0C, 0x18,0x0D, 0x17,0x03,
  64                                            0x16,0x00, 0x0F,0x01, 0x15,0x02, 0x16,0x02, 0x17,0x70,
  65                                            0x18,0x03, 0x17,0x02, 0x15,0x03, 0x15,0x03, 0x16,0x66,
  66                                            0x16,0x03, 0x16,0x02, 0x16,0x03, 0x15,0x03, 0x10,0x02,
  67                                            0x10,0x01, 0x11,0x01, 0x11,0x66, 0x10,0x03, 0x0F,0x0C,
  68                                            0x1A,0x02, 0x19,0x02, 0x16,0x03, 0x16,0x03, 0x18,0x66,
  69                                            0x18,0x03, 0x18,0x02, 0x17,0x03, 0x16,0x03, 0x19,0x00,
  70                                            0x00,0x00 };
  71          //????                                  
  72          unsigned char code Music_Two[] ={ 0x17,0x03, 0x16,0x03, 0x17,0x01, 0x16,0x03, 0x17,0x03,
  73                                            0x16,0x03, 0x15,0x01, 0x10,0x03, 0x15,0x03, 0x16,0x02,
  74                                            0x16,0x0D, 0x17,0x03, 0x16,0x03, 0x15,0x03, 0x10,0x03,
  75                                            0x10,0x0E, 0x15,0x04, 0x0F,0x01, 0x17,0x03, 0x16,0x03,
  76                                            0x17,0x01, 0x16,0x03, 0x17,0x03, 0x16,0x03, 0x15,0x01,
  77                                            0x10,0x03, 0x15,0x03, 0x16,0x02, 0x16,0x0D, 0x17,0x03,
  78                                            0x16,0x03, 0x15,0x03, 0x10,0x03, 0x15,0x03, 0x16,0x01,
  79                                            0x17,0x03, 0x16,0x03, 0x17,0x01, 0x16,0x03, 0x17,0x03,
  80                                            0x16,0x03, 0x15,0x01, 0x10,0x03, 0x15,0x03, 0x16,0x02,
  81                                            0x16,0x0D, 0x17,0x03, 0x16,0x03, 0x15,0x03, 0x10,0x03,
  82                                            0x10,0x0E, 0x15,0x04, 0x0F,0x01, 0x17,0x03, 0x19,0x03,
  83                                            0x19,0x01, 0x19,0x03, 0x1A,0x03, 0x19,0x03, 0x17,0x01,
  84                                            0x16,0x03, 0x16,0x03, 0x16,0x02, 0x16,0x0D, 0x17,0x03,
  85                                            0x16,0x03, 0x15,0x03, 0x10,0x03, 0x10,0x0D, 0x15,0x00,
  86                                            0x19,0x03, 0x19,0x03, 0x1A,0x03, 0x1F,0x03, 0x1B,0x03,
  87                                            0x1B,0x03, 0x1A,0x03, 0x17,0x0D, 0x16,0x03, 0x16,0x03,
  88                                            0x16,0x0D, 0x17,0x01, 0x17,0x03, 0x17,0x03, 0x19,0x03,
  89                                            0x1A,0x02, 0x1A,0x02, 0x10,0x03, 0x17,0x0D, 0x16,0x03,
  90                                            0x16,0x01, 0x17,0x03, 0x19,0x03, 0x19,0x03, 0x17,0x03,
  91                                            0x19,0x02, 0x1F,0x02, 0x1B,0x03, 0x1A,0x03, 0x1A,0x0E,
  92                                            0x1B,0x04, 0x17,0x02, 0x1A,0x03, 0x1A,0x03, 0x1A,0x0E,
  93                                            0x1B,0x04, 0x1A,0x03, 0x19,0x03, 0x17,0x03, 0x16,0x03,
  94                                            0x17,0x0D, 0x16,0x03, 0x17,0x03, 0x19,0x01, 0x19,0x03,
  95                                            0x19,0x03, 0x1A,0x03, 0x1F,0x03, 0x1B,0x03, 0x1B,0x03,
  96                                            0x1A,0x03, 0x17,0x0D, 0x16,0x03, 0x16,0x03, 0x16,0x03,
  97                                            0x17,0x01, 0x17,0x03, 0x17,0x03, 0x19,0x03, 0x1A,0x02,
  98                                            0x1A,0x02, 0x10,0x03, 0x17,0x0D, 0x16,0x03, 0x16,0x01,
  99                                            0x17,0x03, 0x19,0x03, 0x19,0x03, 0x17,0x03, 0x19,0x03,
 100                                            0x1F,0x02, 0x1B,0x03, 0x1A,0x03, 0x1A,0x0E, 0x1B,0x04,
 101                                            0x17,0x02, 0x1A,0x03, 0x1A,0x03, 0x1A,0x0E, 0x1B,0x04,
 102                                            0x17,0x16, 0x1A,0x03, 0x1A,0x03, 0x1A,0x0E, 0x1B,0x04,
 103                                            0x1A,0x03, 0x19,0x03, 0x17,0x03, 0x16,0x03, 0x0F,0x02,
 104                                            0x10,0x03, 0x15,0x00, 0x00,0x00 };
 105          //***********************************************************************************
 106          main()
 107          {
 108   1        InitialSound();
 109   1        while(1)
 110   1        {
 111   2          Play(Music_Same,0,3,360/2);
 112   2          Delay1ms(500);
 113   2          Play(Music_Girl,0,3,360);
 114   2          Delay1ms(500);
 115   2          Play(Music_Two,0,3,360);
 116   2          Delay1ms(500);
C51 COMPILER V9.54   MAIN                                                                  11/30/2021 17:49:04 PAGE 3   

 117   2        }
 118   1      }


MODULE INFORMATION:   STATIC OVERLAYABLE
   CODE SIZE        =    840    ----
   CONSTANT SIZE    =    936    ----
   XDATA SIZE       =   ----    ----
   PDATA SIZE       =   ----    ----
   DATA SIZE        =      4      51
   IDATA SIZE       =   ----    ----
   BIT SIZE         =   ----    ----
END OF MODULE INFORMATION.


C51 COMPILATION COMPLETE.  0 WARNING(S),  0 ERROR(S)
