C51 COMPILER V9.54   PLAYMUSIC                                                             11/30/2021 22:54:26 PAGE 1   


C51 COMPILER V9.54, COMPILATION OF MODULE PLAYMUSIC
OBJECT MODULE PLACED IN .\Objects\PlayMusic.obj
COMPILER INVOKED BY: D:\Keil_v5\C51\BIN\C51.EXE PlayMusic.c OPTIMIZE(8,SPEED) BROWSE DEBUG OBJECTEXTEND PRINT(.\Listings
                    -\PlayMusic.lst) TABS(2) OBJECT(.\Objects\PlayMusic.obj)

line level    source

   1          #include <REG52.H>
   2          #include "SoundPlay.h"
   3          #include "LCD1602.h"
   4          #include "song.h"
   5          int i = 1, times = 1; next = 2;  previous = 3;
   6          char moth = 'O';
   7          
   8          
   9          void Interrupt_Init()
  10          {
  11   1        //外部中断0初始化
  12   1        IT0 = 1; //脉冲出触发
  13   1        EA = 1;
  14   1        EX0 = 1;
  15   1        
  16   1        //外部中断1初始化
  17   1        IT1 = 1; //脉冲出触发
  18   1        EA = 1;
  19   1        EX1 = 1;
  20   1        
  21   1        //设置优先级
  22   1        IP=0X05;
  23   1      }
  24          
  25          void Delay1ms(unsigned int count)
  26          {
  27   1        unsigned int i,j;
  28   1        for(i=0;i<count;i++)
  29   1        for(j=0;j<120;j++);
  30   1      }
  31          
  32          
  33          void main()
  34          {
  35   1        InitialSound();
  36   1      //  LCD_Init();
  37   1        Interrupt_Init();
  38   1        while(1)
  39   1        { 
  40   2      //    LCD_ShowString(1,6,"NOW:");
  41   2      //    LCD_ShowNum(1,10,i % 3 + 1,1);
  42   2      //    LCD_ShowChar(1,16,moth);
  43   2      //    LCD_ShowString(2,3,"N:");
  44   2      //    LCD_ShowNum(2,5,next,1);
  45   2      //    LCD_ShowString(2,8,"P:");
  46   2      //    LCD_ShowNum(2,10,previous,1);
  47   2      //    LCD_ShowString(2,14,"T:");
  48   2      //    LCD_ShowNum(2,16,times,1);
  49   2          
  50   2      //音乐播放 默认单曲循环 
  51   2          change=0;
  52   2          if(i % 3 == 0)
  53   2          {Interrupt_Init();
  54   3            Play(Music_Girl,0,3,360);
C51 COMPILER V9.54   PLAYMUSIC                                                             11/30/2021 22:54:26 PAGE 2   

  55   3          }
  56   2          else if(i % 3 == 1)
  57   2          {Interrupt_Init();
  58   3            Play(Music_Same,0,3,360);
  59   3          }
  60   2          else if(i % 3 == 2)
  61   2          {Interrupt_Init();
  62   3            Play(Music_Two,0,3,360);
  63   3          }
  64   2        }
  65   1        
  66   1      }
  67          /****************************************
  68                       中断处理部分
  69          ****************************************/
  70          void nst() interrupt 0
  71          {
  72   1        ET0 = !ET0;
  73   1        Delay1ms(10);
  74   1        BeepIO = 0;
  75   1        
  76   1      //  LCD_ShowNum(1,10,i % 3 + 1,1);
  77   1      }
  78          
  79          
  80          void INTI1() interrupt 2
  81          {
  82   1        i ++;
  83   1        change=1;
  84   1      }
  85          


MODULE INFORMATION:   STATIC OVERLAYABLE
   CODE SIZE        =    991    ----
   CONSTANT SIZE    =    936    ----
   XDATA SIZE       =   ----    ----
   PDATA SIZE       =   ----    ----
   DATA SIZE        =     14      51
   IDATA SIZE       =   ----    ----
   BIT SIZE         =   ----    ----
END OF MODULE INFORMATION.


C51 COMPILATION COMPLETE.  0 WARNING(S),  0 ERROR(S)
